2024-08-18 05:54:54,758 p=20473 u=vagrant n=ansible | [WARNING]:  * Failed to parse /home/vagrant/examples/example5/inventory with yaml plugin: YAML inventory has invalid structure, it should be a dictionary, got: <class
'ansible.parsing.yaml.objects.AnsibleUnicode'>

2024-08-18 05:54:54,760 p=20473 u=vagrant n=ansible | [WARNING]:  * Failed to parse /home/vagrant/examples/example5/inventory with ini plugin: /home/vagrant/examples/example5/inventory:18: Section [myservers:vars] not valid
for undefined group: myservers

2024-08-18 05:54:54,761 p=20473 u=vagrant n=ansible | [WARNING]: Unable to parse /home/vagrant/examples/example5/inventory as an inventory source

2024-08-18 05:54:54,761 p=20473 u=vagrant n=ansible | [WARNING]: No inventory was parsed, only implicit localhost is available

2024-08-18 05:54:54,947 p=20473 u=vagrant n=ansible | PLAY [Setup WebServer] *****************************************************************************************************************************************************
2024-08-18 05:54:54,966 p=20473 u=vagrant n=ansible | TASK [Gathering Facts] *****************************************************************************************************************************************************
2024-08-18 05:54:58,314 p=20473 u=vagrant n=ansible | ok: [web1]
2024-08-18 05:54:58,335 p=20473 u=vagrant n=ansible | TASK [Install apache2] *****************************************************************************************************************************************************
2024-08-18 05:55:06,028 p=20473 u=vagrant n=ansible | ok: [web1]
2024-08-18 05:55:06,038 p=20473 u=vagrant n=ansible | TASK [Start apache2] *******************************************************************************************************************************************************
2024-08-18 05:55:07,260 p=20473 u=vagrant n=ansible | ok: [web1]
2024-08-18 05:55:07,270 p=20473 u=vagrant n=ansible | TASK [Deploy webconfig] ****************************************************************************************************************************************************
2024-08-18 05:55:08,473 p=20473 u=vagrant n=ansible | ok: [web1]
2024-08-18 05:55:08,498 p=20473 u=vagrant n=ansible | PLAY [Setup DB server] *****************************************************************************************************************************************************
2024-08-18 05:55:08,505 p=20473 u=vagrant n=ansible | TASK [Gathering Facts] *****************************************************************************************************************************************************
2024-08-18 05:55:10,497 p=20473 u=vagrant n=ansible | ok: [db1]
2024-08-18 05:55:10,515 p=20473 u=vagrant n=ansible | TASK [Install mongodb] *****************************************************************************************************************************************************
2024-08-18 05:55:23,848 p=20473 u=vagrant n=ansible | ok: [db1]
2024-08-18 05:55:23,860 p=20473 u=vagrant n=ansible | TASK [Start and enable mariadb-server] *************************************************************************************************************************************
2024-08-18 05:55:24,897 p=20473 u=vagrant n=ansible | ok: [db1]
2024-08-18 05:55:24,907 p=20473 u=vagrant n=ansible | TASK [Install python3-pymysql] *********************************************************************************************************************************************
2024-08-18 05:55:27,124 p=20473 u=vagrant n=ansible | ok: [db1]
2024-08-18 05:55:27,133 p=20473 u=vagrant n=ansible | TASK [Create a new db 'devopsdb'] ******************************************************************************************************************************************
2024-08-18 05:55:28,107 p=20473 u=vagrant n=ansible | ok: [db1]
2024-08-18 05:55:28,118 p=20473 u=vagrant n=ansible | TASK [Create database user] ************************************************************************************************************************************************
2024-08-18 05:55:29,145 p=20473 u=vagrant n=ansible | ok: [db1]
2024-08-18 05:55:29,162 p=20473 u=vagrant n=ansible | PLAY RECAP *****************************************************************************************************************************************************************
2024-08-18 05:55:29,163 p=20473 u=vagrant n=ansible | db1                        : ok=6    changed=0    unreachable=0    failed=0    skipped=0    rescued=0    ignored=0   
2024-08-18 05:55:29,164 p=20473 u=vagrant n=ansible | web1                       : ok=4    changed=0    unreachable=0    failed=0    skipped=0    rescued=0    ignored=0   
2024-08-18 06:30:03,878 p=21075 u=vagrant n=ansible | [WARNING]:  * Failed to parse /home/vagrant/examples/example6/inventory with yaml plugin: YAML inventory has invalid structure, it should be a dictionary, got: <class
'ansible.parsing.yaml.objects.AnsibleUnicode'>

2024-08-18 06:30:03,879 p=21075 u=vagrant n=ansible | [WARNING]:  * Failed to parse /home/vagrant/examples/example6/inventory with ini plugin: /home/vagrant/examples/example6/inventory:18: Section [myservers:vars] not valid
for undefined group: myservers

2024-08-18 06:30:03,880 p=21075 u=vagrant n=ansible | [WARNING]: Unable to parse /home/vagrant/examples/example6/inventory as an inventory source

2024-08-18 06:30:03,881 p=21075 u=vagrant n=ansible | [WARNING]: No inventory was parsed, only implicit localhost is available

2024-08-18 06:30:04,014 p=21075 u=vagrant n=ansible | ERROR! Vars in a Play must be specified as a dictionary, or a list of dictionaries

The error appears to be in '/home/vagrant/examples/example6/webservers.yaml': line 29, column 5, but may
be elsewhere in the file depending on the exact syntax problem.

The offending line appears to be:

  vars:
    dbname=devopsdb
    ^ here

2024-08-18 06:31:20,077 p=21110 u=vagrant n=ansible | [WARNING]:  * Failed to parse /home/vagrant/examples/example6/inventory with yaml plugin: YAML inventory has invalid structure, it should be a dictionary, got: <class
'ansible.parsing.yaml.objects.AnsibleUnicode'>

2024-08-18 06:31:20,078 p=21110 u=vagrant n=ansible | [WARNING]:  * Failed to parse /home/vagrant/examples/example6/inventory with ini plugin: /home/vagrant/examples/example6/inventory:18: Section [myservers:vars] not valid
for undefined group: myservers

2024-08-18 06:31:20,079 p=21110 u=vagrant n=ansible | [WARNING]: Unable to parse /home/vagrant/examples/example6/inventory as an inventory source

2024-08-18 06:31:20,079 p=21110 u=vagrant n=ansible | [WARNING]: No inventory was parsed, only implicit localhost is available

2024-08-18 06:31:20,163 p=21110 u=vagrant n=ansible | ERROR! We were unable to read either as JSON nor YAML, these are the errors we got from each:
JSON: Expecting value: line 1 column 1 (char 0)

Syntax Error while loading YAML.
  could not find expected ':'

The error appears to be in '/home/vagrant/examples/example6/webservers.yaml': line 30, column 3, but may
be elsewhere in the file depending on the exact syntax problem.

The offending line appears to be:

  dbname:devopsdb
  dbuser:devops
  ^ here

2024-08-18 06:31:50,638 p=21127 u=vagrant n=ansible | [WARNING]:  * Failed to parse /home/vagrant/examples/example6/inventory with yaml plugin: YAML inventory has invalid structure, it should be a dictionary, got: <class
'ansible.parsing.yaml.objects.AnsibleUnicode'>

2024-08-18 06:31:50,639 p=21127 u=vagrant n=ansible | [WARNING]:  * Failed to parse /home/vagrant/examples/example6/inventory with ini plugin: /home/vagrant/examples/example6/inventory:18: Section [myservers:vars] not valid
for undefined group: myservers

2024-08-18 06:31:50,640 p=21127 u=vagrant n=ansible | [WARNING]: Unable to parse /home/vagrant/examples/example6/inventory as an inventory source

2024-08-18 06:31:50,641 p=21127 u=vagrant n=ansible | [WARNING]: No inventory was parsed, only implicit localhost is available

2024-08-18 06:31:50,780 p=21127 u=vagrant n=ansible | ERROR! 'dbname' is not a valid attribute for a Play

The error appears to be in '/home/vagrant/examples/example6/webservers.yaml': line 25, column 3, but may
be elsewhere in the file depending on the exact syntax problem.

The offending line appears to be:


- name: Setup DB server
  ^ here

2024-08-18 06:32:35,886 p=21150 u=vagrant n=ansible | [WARNING]:  * Failed to parse /home/vagrant/examples/example6/inventory with yaml plugin: YAML inventory has invalid structure, it should be a dictionary, got: <class
'ansible.parsing.yaml.objects.AnsibleUnicode'>

2024-08-18 06:32:35,887 p=21150 u=vagrant n=ansible | [WARNING]:  * Failed to parse /home/vagrant/examples/example6/inventory with ini plugin: /home/vagrant/examples/example6/inventory:18: Section [myservers:vars] not valid
for undefined group: myservers

2024-08-18 06:32:35,887 p=21150 u=vagrant n=ansible | [WARNING]: Unable to parse /home/vagrant/examples/example6/inventory as an inventory source

2024-08-18 06:32:35,888 p=21150 u=vagrant n=ansible | [WARNING]: No inventory was parsed, only implicit localhost is available

2024-08-18 06:32:36,028 p=21150 u=vagrant n=ansible | PLAY [Setup WebServer] *****************************************************************************************************************************************************
2024-08-18 06:32:36,042 p=21150 u=vagrant n=ansible | TASK [Gathering Facts] *****************************************************************************************************************************************************
2024-08-18 06:32:38,845 p=21150 u=vagrant n=ansible | ok: [web1]
2024-08-18 06:32:38,865 p=21150 u=vagrant n=ansible | TASK [Install apache2] *****************************************************************************************************************************************************
2024-08-18 06:32:40,952 p=21150 u=vagrant n=ansible | ok: [web1]
2024-08-18 06:32:40,963 p=21150 u=vagrant n=ansible | TASK [Start apache2] *******************************************************************************************************************************************************
2024-08-18 06:32:42,091 p=21150 u=vagrant n=ansible | ok: [web1]
2024-08-18 06:32:42,101 p=21150 u=vagrant n=ansible | TASK [Deploy webconfig] ****************************************************************************************************************************************************
2024-08-18 06:32:43,403 p=21150 u=vagrant n=ansible | ok: [web1]
2024-08-18 06:32:43,435 p=21150 u=vagrant n=ansible | PLAY [Setup DB server] *****************************************************************************************************************************************************
2024-08-18 06:32:43,441 p=21150 u=vagrant n=ansible | TASK [Gathering Facts] *****************************************************************************************************************************************************
2024-08-18 06:32:45,245 p=21150 u=vagrant n=ansible | ok: [db1]
2024-08-18 06:32:45,261 p=21150 u=vagrant n=ansible | TASK [Install mongodb] *****************************************************************************************************************************************************
2024-08-18 06:32:49,832 p=21150 u=vagrant n=ansible | ok: [db1]
2024-08-18 06:32:49,840 p=21150 u=vagrant n=ansible | TASK [Start and enable mariadb-server] *************************************************************************************************************************************
2024-08-18 06:32:50,864 p=21150 u=vagrant n=ansible | ok: [db1]
2024-08-18 06:32:50,873 p=21150 u=vagrant n=ansible | TASK [Install python3-pymysql] *********************************************************************************************************************************************
2024-08-18 06:32:52,903 p=21150 u=vagrant n=ansible | ok: [db1]
2024-08-18 06:32:52,913 p=21150 u=vagrant n=ansible | TASK [Create a new db 'devopsdb'] ******************************************************************************************************************************************
2024-08-18 06:32:53,871 p=21150 u=vagrant n=ansible | ok: [db1]
2024-08-18 06:32:53,881 p=21150 u=vagrant n=ansible | TASK [Create database user] ************************************************************************************************************************************************
2024-08-18 06:32:54,795 p=21150 u=vagrant n=ansible | ok: [db1]
2024-08-18 06:32:54,814 p=21150 u=vagrant n=ansible | PLAY RECAP *****************************************************************************************************************************************************************
2024-08-18 06:32:54,815 p=21150 u=vagrant n=ansible | db1                        : ok=6    changed=0    unreachable=0    failed=0    skipped=0    rescued=0    ignored=0   
2024-08-18 06:32:54,816 p=21150 u=vagrant n=ansible | web1                       : ok=4    changed=0    unreachable=0    failed=0    skipped=0    rescued=0    ignored=0   
2024-08-18 06:40:38,713 p=21494 u=vagrant n=ansible | [WARNING]:  * Failed to parse /home/vagrant/examples/example7/inventory with yaml plugin: YAML inventory has invalid structure, it should be a dictionary, got: <class
'ansible.parsing.yaml.objects.AnsibleUnicode'>

2024-08-18 06:40:38,714 p=21494 u=vagrant n=ansible | [WARNING]:  * Failed to parse /home/vagrant/examples/example7/inventory with ini plugin: /home/vagrant/examples/example7/inventory:18: Section [myservers:vars] not valid
for undefined group: myservers

2024-08-18 06:40:38,715 p=21494 u=vagrant n=ansible | [WARNING]: Unable to parse /home/vagrant/examples/example7/inventory as an inventory source

2024-08-18 06:40:38,716 p=21494 u=vagrant n=ansible | [WARNING]: No inventory was parsed, only implicit localhost is available

2024-08-18 06:40:38,886 p=21494 u=vagrant n=ansible | PLAY [Setup WebServer] *****************************************************************************************************************************************************
2024-08-18 06:40:38,903 p=21494 u=vagrant n=ansible | TASK [Gathering Facts] *****************************************************************************************************************************************************
2024-08-18 06:40:41,962 p=21494 u=vagrant n=ansible | ok: [web1]
2024-08-18 06:40:41,989 p=21494 u=vagrant n=ansible | TASK [Install apache2] *****************************************************************************************************************************************************
2024-08-18 06:40:44,239 p=21494 u=vagrant n=ansible | ok: [web1]
2024-08-18 06:40:44,249 p=21494 u=vagrant n=ansible | TASK [Start apache2] *******************************************************************************************************************************************************
2024-08-18 06:40:45,473 p=21494 u=vagrant n=ansible | ok: [web1]
2024-08-18 06:40:45,484 p=21494 u=vagrant n=ansible | TASK [Deploy webconfig] ****************************************************************************************************************************************************
2024-08-18 06:40:46,743 p=21494 u=vagrant n=ansible | ok: [web1]
2024-08-18 06:40:46,772 p=21494 u=vagrant n=ansible | PLAY [Setup DB server] *****************************************************************************************************************************************************
2024-08-18 06:40:46,779 p=21494 u=vagrant n=ansible | TASK [Gathering Facts] *****************************************************************************************************************************************************
2024-08-18 06:40:48,658 p=21494 u=vagrant n=ansible | ok: [db1]
2024-08-18 06:40:48,678 p=21494 u=vagrant n=ansible | TASK [debug] ***************************************************************************************************************************************************************
2024-08-18 06:40:48,705 p=21494 u=vagrant n=ansible | ok: [db1] => {
    "dbname": "VARIABLE IS NOT DEFINED!"
}
2024-08-18 06:40:48,715 p=21494 u=vagrant n=ansible | TASK [debug] ***************************************************************************************************************************************************************
2024-08-18 06:40:48,745 p=21494 u=vagrant n=ansible | fatal: [db1]: FAILED! => {"msg": "The task includes an option with an undefined variable. The error was: 'dbuser' is undefined\n\nThe error appears to be in '/home/vagrant/examples/example7/webservers.yaml': line 32, column 7, but may\nbe elsewhere in the file depending on the exact syntax problem.\n\nThe offending line appears to be:\n\n\n    - debug :\n      ^ here\n"}
2024-08-18 06:40:48,748 p=21494 u=vagrant n=ansible | PLAY RECAP *****************************************************************************************************************************************************************
2024-08-18 06:40:48,748 p=21494 u=vagrant n=ansible | db1                        : ok=2    changed=0    unreachable=0    failed=1    skipped=0    rescued=0    ignored=0   
2024-08-18 06:40:48,749 p=21494 u=vagrant n=ansible | web1                       : ok=4    changed=0    unreachable=0    failed=0    skipped=0    rescued=0    ignored=0   
2024-08-18 06:43:09,820 p=21648 u=vagrant n=ansible | [WARNING]:  * Failed to parse /home/vagrant/examples/example7/inventory with yaml plugin: YAML inventory has invalid structure, it should be a dictionary, got: <class
'ansible.parsing.yaml.objects.AnsibleUnicode'>

2024-08-18 06:43:09,821 p=21648 u=vagrant n=ansible | [WARNING]:  * Failed to parse /home/vagrant/examples/example7/inventory with ini plugin: /home/vagrant/examples/example7/inventory:18: Section [myservers:vars] not valid
for undefined group: myservers

2024-08-18 06:43:09,822 p=21648 u=vagrant n=ansible | [WARNING]: Unable to parse /home/vagrant/examples/example7/inventory as an inventory source

2024-08-18 06:43:09,823 p=21648 u=vagrant n=ansible | [WARNING]: No inventory was parsed, only implicit localhost is available

2024-08-18 06:43:10,005 p=21648 u=vagrant n=ansible | PLAY [Setup WebServer] *****************************************************************************************************************************************************
2024-08-18 06:43:10,022 p=21648 u=vagrant n=ansible | TASK [Gathering Facts] *****************************************************************************************************************************************************
2024-08-18 06:43:13,175 p=21648 u=vagrant n=ansible | ok: [web1]
2024-08-18 06:43:13,199 p=21648 u=vagrant n=ansible | TASK [Install apache2] *****************************************************************************************************************************************************
2024-08-18 06:43:15,312 p=21648 u=vagrant n=ansible | ok: [web1]
2024-08-18 06:43:15,326 p=21648 u=vagrant n=ansible | TASK [Start apache2] *******************************************************************************************************************************************************
2024-08-18 06:43:16,441 p=21648 u=vagrant n=ansible | ok: [web1]
2024-08-18 06:43:16,456 p=21648 u=vagrant n=ansible | TASK [Deploy webconfig] ****************************************************************************************************************************************************
2024-08-18 06:43:17,635 p=21648 u=vagrant n=ansible | ok: [web1]
2024-08-18 06:43:17,658 p=21648 u=vagrant n=ansible | PLAY [Setup DB server] *****************************************************************************************************************************************************
2024-08-18 06:43:17,666 p=21648 u=vagrant n=ansible | TASK [Gathering Facts] *****************************************************************************************************************************************************
2024-08-18 06:43:19,516 p=21648 u=vagrant n=ansible | ok: [db1]
2024-08-18 06:43:19,528 p=21648 u=vagrant n=ansible | TASK [debug] ***************************************************************************************************************************************************************
2024-08-18 06:43:19,574 p=21648 u=vagrant n=ansible | ok: [db1] => {
    "dbname": "VARIABLE IS NOT DEFINED!"
}
2024-08-18 06:43:19,588 p=21648 u=vagrant n=ansible | TASK [debug] ***************************************************************************************************************************************************************
2024-08-18 06:43:19,611 p=21648 u=vagrant n=ansible | fatal: [db1]: FAILED! => {"msg": "The task includes an option with an undefined variable. The error was: 'dbuser' is undefined\n\nThe error appears to be in '/home/vagrant/examples/example7/webservers.yaml': line 32, column 7, but may\nbe elsewhere in the file depending on the exact syntax problem.\n\nThe offending line appears to be:\n\n\n    - debug :\n      ^ here\n"}
2024-08-18 06:43:19,613 p=21648 u=vagrant n=ansible | PLAY RECAP *****************************************************************************************************************************************************************
2024-08-18 06:43:19,614 p=21648 u=vagrant n=ansible | db1                        : ok=2    changed=0    unreachable=0    failed=1    skipped=0    rescued=0    ignored=0   
2024-08-18 06:43:19,615 p=21648 u=vagrant n=ansible | web1                       : ok=4    changed=0    unreachable=0    failed=0    skipped=0    rescued=0    ignored=0   
2024-08-18 06:49:08,550 p=21908 u=vagrant n=ansible | [WARNING]:  * Failed to parse /home/vagrant/examples/example7/inventory with yaml plugin: YAML inventory has invalid structure, it should be a dictionary, got: <class
'ansible.parsing.yaml.objects.AnsibleUnicode'>

2024-08-18 06:49:08,552 p=21908 u=vagrant n=ansible | [WARNING]:  * Failed to parse /home/vagrant/examples/example7/inventory with ini plugin: /home/vagrant/examples/example7/inventory:18: Section [myservers:vars] not valid
for undefined group: myservers

2024-08-18 06:49:08,553 p=21908 u=vagrant n=ansible | [WARNING]: Unable to parse /home/vagrant/examples/example7/inventory as an inventory source

2024-08-18 06:49:08,554 p=21908 u=vagrant n=ansible | [WARNING]: No inventory was parsed, only implicit localhost is available

2024-08-18 06:49:08,725 p=21908 u=vagrant n=ansible | PLAY [Setup WebServer] *****************************************************************************************************************************************************
2024-08-18 06:49:08,742 p=21908 u=vagrant n=ansible | TASK [Gathering Facts] *****************************************************************************************************************************************************
2024-08-18 06:49:11,959 p=21908 u=vagrant n=ansible | ok: [web1]
2024-08-18 06:49:11,990 p=21908 u=vagrant n=ansible | TASK [Install apache2] *****************************************************************************************************************************************************
2024-08-18 06:49:14,265 p=21908 u=vagrant n=ansible | ok: [web1]
2024-08-18 06:49:14,279 p=21908 u=vagrant n=ansible | TASK [Start apache2] *******************************************************************************************************************************************************
2024-08-18 06:49:15,469 p=21908 u=vagrant n=ansible | ok: [web1]
2024-08-18 06:49:15,487 p=21908 u=vagrant n=ansible | TASK [Deploy webconfig] ****************************************************************************************************************************************************
2024-08-18 06:49:16,773 p=21908 u=vagrant n=ansible | ok: [web1]
2024-08-18 06:49:16,798 p=21908 u=vagrant n=ansible | PLAY [Setup DB server] *****************************************************************************************************************************************************
2024-08-18 06:49:16,802 p=21908 u=vagrant n=ansible | TASK [Gathering Facts] *****************************************************************************************************************************************************
2024-08-18 06:49:18,712 p=21908 u=vagrant n=ansible | ok: [db1]
2024-08-18 06:49:18,726 p=21908 u=vagrant n=ansible | TASK [debug] ***************************************************************************************************************************************************************
2024-08-18 06:49:18,756 p=21908 u=vagrant n=ansible | ok: [db1] => {
    "dbname": "VARIABLE IS NOT DEFINED!"
}
2024-08-18 06:49:18,769 p=21908 u=vagrant n=ansible | TASK [debug] ***************************************************************************************************************************************************************
2024-08-18 06:49:18,790 p=21908 u=vagrant n=ansible | fatal: [db1]: FAILED! => {"msg": "The task includes an option with an undefined variable. The error was: 'dbuser' is undefined\n\nThe error appears to be in '/home/vagrant/examples/example7/webservers.yaml': line 32, column 7, but may\nbe elsewhere in the file depending on the exact syntax problem.\n\nThe offending line appears to be:\n\n\n    - debug :\n      ^ here\n"}
2024-08-18 06:49:18,793 p=21908 u=vagrant n=ansible | PLAY RECAP *****************************************************************************************************************************************************************
2024-08-18 06:49:18,794 p=21908 u=vagrant n=ansible | db1                        : ok=2    changed=0    unreachable=0    failed=1    skipped=0    rescued=0    ignored=0   
2024-08-18 06:49:18,799 p=21908 u=vagrant n=ansible | web1                       : ok=4    changed=0    unreachable=0    failed=0    skipped=0    rescued=0    ignored=0   
2024-08-18 06:51:21,776 p=22041 u=vagrant n=ansible | [WARNING]:  * Failed to parse /home/vagrant/examples/example7/inventory with yaml plugin: YAML inventory has invalid structure, it should be a dictionary, got: <class
'ansible.parsing.yaml.objects.AnsibleUnicode'>

2024-08-18 06:51:21,778 p=22041 u=vagrant n=ansible | [WARNING]:  * Failed to parse /home/vagrant/examples/example7/inventory with ini plugin: /home/vagrant/examples/example7/inventory:18: Section [myservers:vars] not valid
for undefined group: myservers

2024-08-18 06:51:21,779 p=22041 u=vagrant n=ansible | [WARNING]: Unable to parse /home/vagrant/examples/example7/inventory as an inventory source

2024-08-18 06:51:21,779 p=22041 u=vagrant n=ansible | [WARNING]: No inventory was parsed, only implicit localhost is available

2024-08-18 06:51:21,920 p=22041 u=vagrant n=ansible | PLAY [Setup WebServer] *****************************************************************************************************************************************************
2024-08-18 06:51:21,934 p=22041 u=vagrant n=ansible | TASK [Gathering Facts] *****************************************************************************************************************************************************
2024-08-18 06:51:24,764 p=22041 u=vagrant n=ansible | ok: [web1]
2024-08-18 06:51:24,781 p=22041 u=vagrant n=ansible | TASK [Install apache2] *****************************************************************************************************************************************************
2024-08-18 06:51:26,855 p=22041 u=vagrant n=ansible | ok: [web1]
2024-08-18 06:51:26,865 p=22041 u=vagrant n=ansible | TASK [Start apache2] *******************************************************************************************************************************************************
2024-08-18 06:51:28,024 p=22041 u=vagrant n=ansible | ok: [web1]
2024-08-18 06:51:28,034 p=22041 u=vagrant n=ansible | TASK [Deploy webconfig] ****************************************************************************************************************************************************
2024-08-18 06:51:29,248 p=22041 u=vagrant n=ansible | ok: [web1]
2024-08-18 06:51:29,271 p=22041 u=vagrant n=ansible | PLAY [Setup DB server] *****************************************************************************************************************************************************
2024-08-18 06:51:29,279 p=22041 u=vagrant n=ansible | TASK [Gathering Facts] *****************************************************************************************************************************************************
2024-08-18 06:51:31,200 p=22041 u=vagrant n=ansible | ok: [db1]
2024-08-18 06:51:31,216 p=22041 u=vagrant n=ansible | TASK [debug] ***************************************************************************************************************************************************************
2024-08-18 06:51:31,247 p=22041 u=vagrant n=ansible | ok: [db1] => {
    "dbname": "devopsdb"
}
2024-08-18 06:51:31,258 p=22041 u=vagrant n=ansible | TASK [debug] ***************************************************************************************************************************************************************
2024-08-18 06:51:31,288 p=22041 u=vagrant n=ansible | ok: [db1] => {
    "msg": "Value of db user is devops"
}
2024-08-18 06:51:31,299 p=22041 u=vagrant n=ansible | TASK [Install mongodb] *****************************************************************************************************************************************************
2024-08-18 06:51:34,506 p=22041 u=vagrant n=ansible | ok: [db1]
2024-08-18 06:51:34,519 p=22041 u=vagrant n=ansible | TASK [Start and enable mariadb-server] *************************************************************************************************************************************
2024-08-18 06:51:35,543 p=22041 u=vagrant n=ansible | ok: [db1]
2024-08-18 06:51:35,555 p=22041 u=vagrant n=ansible | TASK [Install python3-pymysql] *********************************************************************************************************************************************
2024-08-18 06:51:37,629 p=22041 u=vagrant n=ansible | ok: [db1]
2024-08-18 06:51:37,638 p=22041 u=vagrant n=ansible | TASK [Create a new db 'devopsdb'] ******************************************************************************************************************************************
2024-08-18 06:51:38,624 p=22041 u=vagrant n=ansible | ok: [db1]
2024-08-18 06:51:38,634 p=22041 u=vagrant n=ansible | TASK [Create database user] ************************************************************************************************************************************************
2024-08-18 06:51:39,695 p=22041 u=vagrant n=ansible | ok: [db1]
2024-08-18 06:51:39,723 p=22041 u=vagrant n=ansible | PLAY RECAP *****************************************************************************************************************************************************************
2024-08-18 06:51:39,724 p=22041 u=vagrant n=ansible | db1                        : ok=8    changed=0    unreachable=0    failed=0    skipped=0    rescued=0    ignored=0   
2024-08-18 06:51:39,724 p=22041 u=vagrant n=ansible | web1                       : ok=4    changed=0    unreachable=0    failed=0    skipped=0    rescued=0    ignored=0   
2024-08-18 06:56:49,956 p=22302 u=vagrant n=ansible | [WARNING]:  * Failed to parse /home/vagrant/examples/example7/inventory with yaml plugin: YAML inventory has invalid structure, it should be a dictionary, got: <class
'ansible.parsing.yaml.objects.AnsibleUnicode'>

2024-08-18 06:56:49,958 p=22302 u=vagrant n=ansible | [WARNING]:  * Failed to parse /home/vagrant/examples/example7/inventory with ini plugin: /home/vagrant/examples/example7/inventory:18: Section [myservers:vars] not valid
for undefined group: myservers

2024-08-18 06:56:49,959 p=22302 u=vagrant n=ansible | [WARNING]: Unable to parse /home/vagrant/examples/example7/inventory as an inventory source

2024-08-18 06:56:49,960 p=22302 u=vagrant n=ansible | [WARNING]: No inventory was parsed, only implicit localhost is available

2024-08-18 06:56:52,975 p=22302 u=vagrant n=ansible | web1 | SUCCESS => {
    "ansible_facts": {
        "ansible_all_ipv4_addresses": [
            "192.168.56.15",
            "10.0.2.15"
        ],
        "ansible_all_ipv6_addresses": [
            "fe80::a00:27ff:fe57:ae91",
            "fe80::e7:bfff:fe86:8542"
        ],
        "ansible_apparmor": {
            "status": "enabled"
        },
        "ansible_architecture": "x86_64",
        "ansible_bios_date": "12/01/2006",
        "ansible_bios_vendor": "innotek GmbH",
        "ansible_bios_version": "VirtualBox",
        "ansible_board_asset_tag": "NA",
        "ansible_board_name": "VirtualBox",
        "ansible_board_serial": "NA",
        "ansible_board_vendor": "Oracle Corporation",
        "ansible_board_version": "1.2",
        "ansible_chassis_asset_tag": "NA",
        "ansible_chassis_serial": "NA",
        "ansible_chassis_vendor": "Oracle Corporation",
        "ansible_chassis_version": "NA",
        "ansible_cmdline": {
            "BOOT_IMAGE": "/boot/vmlinuz-5.4.0-192-generic",
            "console": "ttyS0",
            "ro": true,
            "root": "UUID=7ac2995f-1b16-48e0-b1c0-b2117ef950c9"
        },
        "ansible_date_time": {
            "date": "2024-08-18",
            "day": "18",
            "epoch": "1723964214",
            "epoch_int": "1723964214",
            "hour": "06",
            "iso8601": "2024-08-18T06:56:54Z",
            "iso8601_basic": "20240818T065654691292",
            "iso8601_basic_short": "20240818T065654",
            "iso8601_micro": "2024-08-18T06:56:54.691292Z",
            "minute": "56",
            "month": "08",
            "second": "54",
            "time": "06:56:54",
            "tz": "UTC",
            "tz_dst": "UTC",
            "tz_offset": "+0000",
            "weekday": "Sunday",
            "weekday_number": "0",
            "weeknumber": "33",
            "year": "2024"
        },
        "ansible_default_ipv4": {
            "address": "10.0.2.15",
            "alias": "enp0s3",
            "broadcast": "10.0.2.255",
            "gateway": "10.0.2.2",
            "interface": "enp0s3",
            "macaddress": "02:e7:bf:86:85:42",
            "mtu": 1500,
            "netmask": "255.255.255.0",
            "network": "10.0.2.0",
            "prefix": "24",
            "type": "ether"
        },
        "ansible_default_ipv6": {},
        "ansible_device_links": {
            "ids": {},
            "labels": {
                "sda1": [
                    "cloudimg-rootfs"
                ],
                "sdb": [
                    "cidata"
                ]
            },
            "masters": {},
            "uuids": {
                "sda1": [
                    "7ac2995f-1b16-48e0-b1c0-b2117ef950c9"
                ],
                "sdb": [
                    "2024-08-09-23-00-57-00"
                ]
            }
        },
        "ansible_devices": {
            "loop0": {
                "holders": [],
                "host": "",
                "links": {
                    "ids": [],
                    "labels": [],
                    "masters": [],
                    "uuids": []
                },
                "model": null,
                "partitions": {},
                "removable": "0",
                "rotational": "1",
                "sas_address": null,
                "sas_device_handle": null,
                "scheduler_mode": "none",
                "sectors": "130960",
                "sectorsize": "512",
                "size": "63.95 MB",
                "support_discard": "4096",
                "vendor": null,
                "virtual": 1
            },
            "loop1": {
                "holders": [],
                "host": "",
                "links": {
                    "ids": [],
                    "labels": [],
                    "masters": [],
                    "uuids": []
                },
                "model": null,
                "partitions": {},
                "removable": "0",
                "rotational": "1",
                "sas_address": null,
                "sas_device_handle": null,
                "scheduler_mode": "none",
                "sectors": "188176",
                "sectorsize": "512",
                "size": "91.88 MB",
                "support_discard": "4096",
                "vendor": null,
                "virtual": 1
            },
            "loop2": {
                "holders": [],
                "host": "",
                "links": {
                    "ids": [],
                    "labels": [],
                    "masters": [],
                    "uuids": []
                },
                "model": null,
                "partitions": {},
                "removable": "0",
                "rotational": "1",
                "sas_address": null,
                "sas_device_handle": null,
                "scheduler_mode": "none",
                "sectors": "79520",
                "sectorsize": "512",
                "size": "38.83 MB",
                "support_discard": "4096",
                "vendor": null,
                "virtual": 1
            },
            "loop3": {
                "holders": [],
                "host": "",
                "links": {
                    "ids": [],
                    "labels": [],
                    "masters": [],
                    "uuids": []
                },
                "model": null,
                "partitions": {},
                "removable": "0",
                "rotational": "1",
                "sas_address": null,
                "sas_device_handle": null,
                "scheduler_mode": "none",
                "sectors": "0",
                "sectorsize": "512",
                "size": "0.00 Bytes",
                "support_discard": "4096",
                "vendor": null,
                "virtual": 1
            },
            "loop4": {
                "holders": [],
                "host": "",
                "links": {
                    "ids": [],
                    "labels": [],
                    "masters": [],
                    "uuids": []
                },
                "model": null,
                "partitions": {},
                "removable": "0",
                "rotational": "1",
                "sas_address": null,
                "sas_device_handle": null,
                "scheduler_mode": "none",
                "sectors": "0",
                "sectorsize": "512",
                "size": "0.00 Bytes",
                "support_discard": "0",
                "vendor": null,
                "virtual": 1
            },
            "loop5": {
                "holders": [],
                "host": "",
                "links": {
                    "ids": [],
                    "labels": [],
                    "masters": [],
                    "uuids": []
                },
                "model": null,
                "partitions": {},
                "removable": "0",
                "rotational": "1",
                "sas_address": null,
                "sas_device_handle": null,
                "scheduler_mode": "none",
                "sectors": "0",
                "sectorsize": "512",
                "size": "0.00 Bytes",
                "support_discard": "0",
                "vendor": null,
                "virtual": 1
            },
            "loop6": {
                "holders": [],
                "host": "",
                "links": {
                    "ids": [],
                    "labels": [],
                    "masters": [],
                    "uuids": []
                },
                "model": null,
                "partitions": {},
                "removable": "0",
                "rotational": "1",
                "sas_address": null,
                "sas_device_handle": null,
                "scheduler_mode": "none",
                "sectors": "0",
                "sectorsize": "512",
                "size": "0.00 Bytes",
                "support_discard": "0",
                "vendor": null,
                "virtual": 1
            },
            "loop7": {
                "holders": [],
                "host": "",
                "links": {
                    "ids": [],
                    "labels": [],
                    "masters": [],
                    "uuids": []
                },
                "model": null,
                "partitions": {},
                "removable": "0",
                "rotational": "1",
                "sas_address": null,
                "sas_device_handle": null,
                "scheduler_mode": "none",
                "sectors": "0",
                "sectorsize": "512",
                "size": "0.00 Bytes",
                "support_discard": "0",
                "vendor": null,
                "virtual": 1
            },
            "sda": {
                "holders": [],
                "host": "SCSI storage controller: Broadcom / LSI 53c1030 PCI-X Fusion-MPT Dual Ultra320 SCSI",
                "links": {
                    "ids": [],
                    "labels": [],
                    "masters": [],
                    "uuids": []
                },
                "model": "HARDDISK",
                "partitions": {
                    "sda1": {
                        "holders": [],
                        "links": {
                            "ids": [],
                            "labels": [
                                "cloudimg-rootfs"
                            ],
                            "masters": [],
                            "uuids": [
                                "7ac2995f-1b16-48e0-b1c0-b2117ef950c9"
                            ]
                        },
                        "sectors": "83883999",
                        "sectorsize": 512,
                        "size": "40.00 GB",
                        "start": "2048",
                        "uuid": "7ac2995f-1b16-48e0-b1c0-b2117ef950c9"
                    }
                },
                "removable": "0",
                "rotational": "1",
                "sas_address": null,
                "sas_device_handle": null,
                "scheduler_mode": "mq-deadline",
                "sectors": "83886080",
                "sectorsize": "512",
                "size": "40.00 GB",
                "support_discard": "0",
                "vendor": "VBOX",
                "virtual": 1
            },
            "sdb": {
                "holders": [],
                "host": "SCSI storage controller: Broadcom / LSI 53c1030 PCI-X Fusion-MPT Dual Ultra320 SCSI",
                "links": {
                    "ids": [],
                    "labels": [
                        "cidata"
                    ],
                    "masters": [],
                    "uuids": [
                        "2024-08-09-23-00-57-00"
                    ]
                },
                "model": "HARDDISK",
                "partitions": {},
                "removable": "0",
                "rotational": "1",
                "sas_address": null,
                "sas_device_handle": null,
                "scheduler_mode": "mq-deadline",
                "sectors": "20480",
                "sectorsize": "512",
                "size": "10.00 MB",
                "support_discard": "0",
                "vendor": "VBOX",
                "virtual": 1
            }
        },
        "ansible_distribution": "Ubuntu",
        "ansible_distribution_file_parsed": true,
        "ansible_distribution_file_path": "/etc/os-release",
        "ansible_distribution_file_variety": "Debian",
        "ansible_distribution_major_version": "20",
        "ansible_distribution_release": "focal",
        "ansible_distribution_version": "20.04",
        "ansible_dns": {
            "nameservers": [
                "127.0.0.53"
            ],
            "options": {
                "edns0": true,
                "trust-ad": true
            }
        },
        "ansible_domain": "demo.com",
        "ansible_effective_group_id": 1000,
        "ansible_effective_user_id": 1000,
        "ansible_enp0s3": {
            "active": true,
            "device": "enp0s3",
            "features": {
                "esp_hw_offload": "off [fixed]",
                "esp_tx_csum_hw_offload": "off [fixed]",
                "fcoe_mtu": "off [fixed]",
                "generic_receive_offload": "on",
                "generic_segmentation_offload": "on",
                "highdma": "off [fixed]",
                "hw_tc_offload": "off [fixed]",
                "l2_fwd_offload": "off [fixed]",
                "large_receive_offload": "off [fixed]",
                "loopback": "off [fixed]",
                "netns_local": "off [fixed]",
                "ntuple_filters": "off [fixed]",
                "receive_hashing": "off [fixed]",
                "rx_all": "off",
                "rx_checksumming": "off",
                "rx_fcs": "off",
                "rx_gro_hw": "off [fixed]",
                "rx_udp_tunnel_port_offload": "off [fixed]",
                "rx_vlan_filter": "on [fixed]",
                "rx_vlan_offload": "on",
                "rx_vlan_stag_filter": "off [fixed]",
                "rx_vlan_stag_hw_parse": "off [fixed]",
                "scatter_gather": "on",
                "tcp_segmentation_offload": "on",
                "tls_hw_record": "off [fixed]",
                "tls_hw_rx_offload": "off [fixed]",
                "tls_hw_tx_offload": "off [fixed]",
                "tx_checksum_fcoe_crc": "off [fixed]",
                "tx_checksum_ip_generic": "on",
                "tx_checksum_ipv4": "off [fixed]",
                "tx_checksum_ipv6": "off [fixed]",
                "tx_checksum_sctp": "off [fixed]",
                "tx_checksumming": "on",
                "tx_esp_segmentation": "off [fixed]",
                "tx_fcoe_segmentation": "off [fixed]",
                "tx_gre_csum_segmentation": "off [fixed]",
                "tx_gre_segmentation": "off [fixed]",
                "tx_gso_partial": "off [fixed]",
                "tx_gso_robust": "off [fixed]",
                "tx_ipxip4_segmentation": "off [fixed]",
                "tx_ipxip6_segmentation": "off [fixed]",
                "tx_lockless": "off [fixed]",
                "tx_nocache_copy": "off",
                "tx_scatter_gather": "on",
                "tx_scatter_gather_fraglist": "off [fixed]",
                "tx_sctp_segmentation": "off [fixed]",
                "tx_tcp6_segmentation": "off [fixed]",
                "tx_tcp_ecn_segmentation": "off [fixed]",
                "tx_tcp_mangleid_segmentation": "off",
                "tx_tcp_segmentation": "on",
                "tx_udp_segmentation": "off [fixed]",
                "tx_udp_tnl_csum_segmentation": "off [fixed]",
                "tx_udp_tnl_segmentation": "off [fixed]",
                "tx_vlan_offload": "on [fixed]",
                "tx_vlan_stag_hw_insert": "off [fixed]",
                "vlan_challenged": "off [fixed]"
            },
            "hw_timestamp_filters": [],
            "ipv4": {
                "address": "10.0.2.15",
                "broadcast": "10.0.2.255",
                "netmask": "255.255.255.0",
                "network": "10.0.2.0",
                "prefix": "24"
            },
            "ipv6": [
                {
                    "address": "fe80::e7:bfff:fe86:8542",
                    "prefix": "64",
                    "scope": "link"
                }
            ],
            "macaddress": "02:e7:bf:86:85:42",
            "module": "e1000",
            "mtu": 1500,
            "pciid": "0000:00:03.0",
            "promisc": false,
            "speed": 1000,
            "timestamping": [
                "tx_software",
                "rx_software",
                "software"
            ],
            "type": "ether"
        },
        "ansible_enp0s8": {
            "active": true,
            "device": "enp0s8",
            "features": {
                "esp_hw_offload": "off [fixed]",
                "esp_tx_csum_hw_offload": "off [fixed]",
                "fcoe_mtu": "off [fixed]",
                "generic_receive_offload": "on",
                "generic_segmentation_offload": "on",
                "highdma": "off [fixed]",
                "hw_tc_offload": "off [fixed]",
                "l2_fwd_offload": "off [fixed]",
                "large_receive_offload": "off [fixed]",
                "loopback": "off [fixed]",
                "netns_local": "off [fixed]",
                "ntuple_filters": "off [fixed]",
                "receive_hashing": "off [fixed]",
                "rx_all": "off",
                "rx_checksumming": "off",
                "rx_fcs": "off",
                "rx_gro_hw": "off [fixed]",
                "rx_udp_tunnel_port_offload": "off [fixed]",
                "rx_vlan_filter": "on [fixed]",
                "rx_vlan_offload": "on",
                "rx_vlan_stag_filter": "off [fixed]",
                "rx_vlan_stag_hw_parse": "off [fixed]",
                "scatter_gather": "on",
                "tcp_segmentation_offload": "on",
                "tls_hw_record": "off [fixed]",
                "tls_hw_rx_offload": "off [fixed]",
                "tls_hw_tx_offload": "off [fixed]",
                "tx_checksum_fcoe_crc": "off [fixed]",
                "tx_checksum_ip_generic": "on",
                "tx_checksum_ipv4": "off [fixed]",
                "tx_checksum_ipv6": "off [fixed]",
                "tx_checksum_sctp": "off [fixed]",
                "tx_checksumming": "on",
                "tx_esp_segmentation": "off [fixed]",
                "tx_fcoe_segmentation": "off [fixed]",
                "tx_gre_csum_segmentation": "off [fixed]",
                "tx_gre_segmentation": "off [fixed]",
                "tx_gso_partial": "off [fixed]",
                "tx_gso_robust": "off [fixed]",
                "tx_ipxip4_segmentation": "off [fixed]",
                "tx_ipxip6_segmentation": "off [fixed]",
                "tx_lockless": "off [fixed]",
                "tx_nocache_copy": "off",
                "tx_scatter_gather": "on",
                "tx_scatter_gather_fraglist": "off [fixed]",
                "tx_sctp_segmentation": "off [fixed]",
                "tx_tcp6_segmentation": "off [fixed]",
                "tx_tcp_ecn_segmentation": "off [fixed]",
                "tx_tcp_mangleid_segmentation": "off",
                "tx_tcp_segmentation": "on",
                "tx_udp_segmentation": "off [fixed]",
                "tx_udp_tnl_csum_segmentation": "off [fixed]",
                "tx_udp_tnl_segmentation": "off [fixed]",
                "tx_vlan_offload": "on [fixed]",
                "tx_vlan_stag_hw_insert": "off [fixed]",
                "vlan_challenged": "off [fixed]"
            },
            "hw_timestamp_filters": [],
            "ipv4": {
                "address": "192.168.56.15",
                "broadcast": "192.168.56.255",
                "netmask": "255.255.255.0",
                "network": "192.168.56.0",
                "prefix": "24"
            },
            "ipv6": [
                {
                    "address": "fe80::a00:27ff:fe57:ae91",
                    "prefix": "64",
                    "scope": "link"
                }
            ],
            "macaddress": "08:00:27:57:ae:91",
            "module": "e1000",
            "mtu": 1500,
            "pciid": "0000:00:08.0",
            "promisc": false,
            "speed": 1000,
            "timestamping": [
                "tx_software",
                "rx_software",
                "software"
            ],
            "type": "ether"
        },
        "ansible_env": {
            "DBUS_SESSION_BUS_ADDRESS": "unix:path=/run/user/1000/bus",
            "HOME": "/home/vagrant",
            "LANG": "C.UTF-8",
            "LOGNAME": "vagrant",
            "MOTD_SHOWN": "pam",
            "PATH": "/usr/local/sbin:/usr/local/bin:/usr/sbin:/usr/bin:/sbin:/bin:/usr/games:/usr/local/games:/snap/bin",
            "PWD": "/home/vagrant",
            "SHELL": "/bin/bash",
            "SHLVL": "0",
            "SSH_CLIENT": "192.168.56.17 50160 22",
            "SSH_CONNECTION": "192.168.56.17 50160 192.168.56.15 22",
            "SSH_TTY": "/dev/pts/0",
            "TERM": "xterm",
            "USER": "vagrant",
            "XDG_RUNTIME_DIR": "/run/user/1000",
            "XDG_SESSION_CLASS": "user",
            "XDG_SESSION_ID": "72",
            "XDG_SESSION_TYPE": "tty",
            "_": "/bin/sh"
        },
        "ansible_fibre_channel_wwn": [],
        "ansible_fips": false,
        "ansible_form_factor": "Other",
        "ansible_fqdn": "web1.demo.com",
        "ansible_hostname": "web1",
        "ansible_hostnqn": "",
        "ansible_interfaces": [
            "enp0s3",
            "lo",
            "enp0s8"
        ],
        "ansible_is_chroot": false,
        "ansible_iscsi_iqn": "",
        "ansible_kernel": "5.4.0-192-generic",
        "ansible_kernel_version": "#212-Ubuntu SMP Fri Jul 5 09:47:39 UTC 2024",
        "ansible_lo": {
            "active": true,
            "device": "lo",
            "features": {
                "esp_hw_offload": "off [fixed]",
                "esp_tx_csum_hw_offload": "off [fixed]",
                "fcoe_mtu": "off [fixed]",
                "generic_receive_offload": "on",
                "generic_segmentation_offload": "on",
                "highdma": "on [fixed]",
                "hw_tc_offload": "off [fixed]",
                "l2_fwd_offload": "off [fixed]",
                "large_receive_offload": "off [fixed]",
                "loopback": "on [fixed]",
                "netns_local": "on [fixed]",
                "ntuple_filters": "off [fixed]",
                "receive_hashing": "off [fixed]",
                "rx_all": "off [fixed]",
                "rx_checksumming": "on [fixed]",
                "rx_fcs": "off [fixed]",
                "rx_gro_hw": "off [fixed]",
                "rx_udp_tunnel_port_offload": "off [fixed]",
                "rx_vlan_filter": "off [fixed]",
                "rx_vlan_offload": "off [fixed]",
                "rx_vlan_stag_filter": "off [fixed]",
                "rx_vlan_stag_hw_parse": "off [fixed]",
                "scatter_gather": "on",
                "tcp_segmentation_offload": "on",
                "tls_hw_record": "off [fixed]",
                "tls_hw_rx_offload": "off [fixed]",
                "tls_hw_tx_offload": "off [fixed]",
                "tx_checksum_fcoe_crc": "off [fixed]",
                "tx_checksum_ip_generic": "on [fixed]",
                "tx_checksum_ipv4": "off [fixed]",
                "tx_checksum_ipv6": "off [fixed]",
                "tx_checksum_sctp": "on [fixed]",
                "tx_checksumming": "on",
                "tx_esp_segmentation": "off [fixed]",
                "tx_fcoe_segmentation": "off [fixed]",
                "tx_gre_csum_segmentation": "off [fixed]",
                "tx_gre_segmentation": "off [fixed]",
                "tx_gso_partial": "off [fixed]",
                "tx_gso_robust": "off [fixed]",
                "tx_ipxip4_segmentation": "off [fixed]",
                "tx_ipxip6_segmentation": "off [fixed]",
                "tx_lockless": "on [fixed]",
                "tx_nocache_copy": "off [fixed]",
                "tx_scatter_gather": "on [fixed]",
                "tx_scatter_gather_fraglist": "on [fixed]",
                "tx_sctp_segmentation": "on",
                "tx_tcp6_segmentation": "on",
                "tx_tcp_ecn_segmentation": "on",
                "tx_tcp_mangleid_segmentation": "on",
                "tx_tcp_segmentation": "on",
                "tx_udp_segmentation": "off [fixed]",
                "tx_udp_tnl_csum_segmentation": "off [fixed]",
                "tx_udp_tnl_segmentation": "off [fixed]",
                "tx_vlan_offload": "off [fixed]",
                "tx_vlan_stag_hw_insert": "off [fixed]",
                "vlan_challenged": "on [fixed]"
            },
            "hw_timestamp_filters": [],
            "ipv4": {
                "address": "127.0.0.1",
                "broadcast": "",
                "netmask": "255.0.0.0",
                "network": "127.0.0.0",
                "prefix": "8"
            },
            "ipv6": [
                {
                    "address": "::1",
                    "prefix": "128",
                    "scope": "host"
                }
            ],
            "mtu": 65536,
            "promisc": false,
            "timestamping": [
                "tx_software",
                "rx_software",
                "software"
            ],
            "type": "loopback"
        },
        "ansible_local": {},
        "ansible_lsb": {
            "codename": "focal",
            "description": "Ubuntu 20.04.6 LTS",
            "id": "Ubuntu",
            "major_release": "20",
            "release": "20.04"
        },
        "ansible_machine": "x86_64",
        "ansible_machine_id": "1885d5e82c284953b77f4095978db6e5",
        "ansible_memfree_mb": 255,
        "ansible_memory_mb": {
            "nocache": {
                "free": 744,
                "used": 221
            },
            "real": {
                "free": 255,
                "total": 965,
                "used": 710
            },
            "swap": {
                "cached": 0,
                "free": 0,
                "total": 0,
                "used": 0
            }
        },
        "ansible_memtotal_mb": 965,
        "ansible_mounts": [
            {
                "block_available": 9617202,
                "block_size": 4096,
                "block_total": 10145391,
                "block_used": 528189,
                "device": "/dev/sda1",
                "fstype": "ext4",
                "inode_available": 5023445,
                "inode_total": 5120000,
                "inode_used": 96555,
                "mount": "/",
                "options": "rw,relatime",
                "size_available": 39392059392,
                "size_total": 41555521536,
                "uuid": "7ac2995f-1b16-48e0-b1c0-b2117ef950c9"
            },
            {
                "block_available": 0,
                "block_size": 131072,
                "block_total": 512,
                "block_used": 512,
                "device": "/dev/loop0",
                "fstype": "squashfs",
                "inode_available": 0,
                "inode_total": 12057,
                "inode_used": 12057,
                "mount": "/snap/core20/2318",
                "options": "ro,nodev,relatime",
                "size_available": 0,
                "size_total": 67108864,
                "uuid": "N/A"
            },
            {
                "block_available": 0,
                "block_size": 131072,
                "block_total": 736,
                "block_used": 736,
                "device": "/dev/loop1",
                "fstype": "squashfs",
                "inode_available": 0,
                "inode_total": 815,
                "inode_used": 815,
                "mount": "/snap/lxd/29619",
                "options": "ro,nodev,relatime",
                "size_available": 0,
                "size_total": 96468992,
                "uuid": "N/A"
            },
            {
                "block_available": 0,
                "block_size": 131072,
                "block_total": 311,
                "block_used": 311,
                "device": "/dev/loop2",
                "fstype": "squashfs",
                "inode_available": 0,
                "inode_total": 651,
                "inode_used": 651,
                "mount": "/snap/snapd/21759",
                "options": "ro,nodev,relatime",
                "size_available": 0,
                "size_total": 40763392,
                "uuid": "N/A"
            }
        ],
        "ansible_nodename": "web1",
        "ansible_os_family": "Debian",
        "ansible_pkg_mgr": "apt",
        "ansible_proc_cmdline": {
            "BOOT_IMAGE": "/boot/vmlinuz-5.4.0-192-generic",
            "console": [
                "tty1",
                "ttyS0"
            ],
            "ro": true,
            "root": "UUID=7ac2995f-1b16-48e0-b1c0-b2117ef950c9"
        },
        "ansible_processor": [
            "0",
            "GenuineIntel",
            "12th Gen Intel(R) Core(TM) i5-1235U"
        ],
        "ansible_processor_cores": 1,
        "ansible_processor_count": 1,
        "ansible_processor_nproc": 1,
        "ansible_processor_threads_per_core": 1,
        "ansible_processor_vcpus": 1,
        "ansible_product_name": "VirtualBox",
        "ansible_product_serial": "NA",
        "ansible_product_uuid": "NA",
        "ansible_product_version": "1.2",
        "ansible_python": {
            "executable": "/usr/bin/python3",
            "has_sslcontext": true,
            "type": "cpython",
            "version": {
                "major": 3,
                "micro": 10,
                "minor": 8,
                "releaselevel": "final",
                "serial": 0
            },
            "version_info": [
                3,
                8,
                10,
                "final",
                0
            ]
        },
        "ansible_python_version": "3.8.10",
        "ansible_real_group_id": 1000,
        "ansible_real_user_id": 1000,
        "ansible_selinux": {
            "status": "disabled"
        },
        "ansible_selinux_python_present": true,
        "ansible_service_mgr": "systemd",
        "ansible_ssh_host_key_ecdsa_public": "AAAAE2VjZHNhLXNoYTItbmlzdHAyNTYAAAAIbmlzdHAyNTYAAABBBIyatWSyAubXYbGRLFEdKNHe89j7gLe9OIxCKuRZLenJYb767jryxn7AifHP1kkRpMWdpTiY0AEI4H2ChKh3qFM=",
        "ansible_ssh_host_key_ecdsa_public_keytype": "ecdsa-sha2-nistp256",
        "ansible_ssh_host_key_ed25519_public": "AAAAC3NzaC1lZDI1NTE5AAAAIDpLv/hZITTS+hhG6DuKeIW/JzslxuqKRt1q0Pr2nceF",
        "ansible_ssh_host_key_ed25519_public_keytype": "ssh-ed25519",
        "ansible_ssh_host_key_rsa_public": "AAAAB3NzaC1yc2EAAAADAQABAAABgQCt8EG39uZBwSKC2UwusEy1zK5tI95h/EgQRtknYYSSnnzQ7XYu7x5lNT9OV86r6ZBAGU24rrdXnYeG8Uyq8WDODHDklX6TJe+I6JVeUctTMITKo88eL9KMEeKbie8rE0AHY6qfuiYYqeCGX65WSRd5EYEgnDLzvO7egfSq51UpeGXHMtgWyU02sd+1hoa0KAYtq6irWhkpKfvqBjdH/OWM44BY77crDj3C3lKAb3EBfilAudiAisyzXRRptBDs4cr7zVl1vV5BL7J5eqHYr75TiSBtuWRrvy/2SrxrT4IbH5AKr1Fn4rNPPGilPWqwHZv0Z1vUhXGoT9+NjPaZMUjTlpuQQq9quZzuMJ/diP9eXBPU8Ek5meycw1cmmI8jfNmoEfM2xBptnYDbQHZXeKOr8BX1/c0U4ue4rjFqumRf7r5fPWvb/Q35cUWxmRjbCgtw23UCc7nNGg/erDD8c6Z5F08pjb5u8AEtr+t+JBNsOalSSSAf3tM89y7BhumbaGE=",
        "ansible_ssh_host_key_rsa_public_keytype": "ssh-rsa",
        "ansible_swapfree_mb": 0,
        "ansible_swaptotal_mb": 0,
        "ansible_system": "Linux",
        "ansible_system_capabilities": [
            ""
        ],
        "ansible_system_capabilities_enforced": "True",
        "ansible_system_vendor": "innotek GmbH",
        "ansible_uptime_seconds": 52536,
        "ansible_user_dir": "/home/vagrant",
        "ansible_user_gecos": ",,,",
        "ansible_user_gid": 1000,
        "ansible_user_id": "vagrant",
        "ansible_user_shell": "/bin/bash",
        "ansible_user_uid": 1000,
        "ansible_userspace_architecture": "x86_64",
        "ansible_userspace_bits": "64",
        "ansible_virtualization_role": "guest",
        "ansible_virtualization_tech_guest": [
            "virtualbox"
        ],
        "ansible_virtualization_tech_host": [],
        "ansible_virtualization_type": "virtualbox",
        "discovered_interpreter_python": "/usr/bin/python3",
        "gather_subset": [
            "all"
        ],
        "module_setup": true
    },
    "changed": false
}
2024-08-18 07:04:25,532 p=22510 u=vagrant n=ansible | [WARNING]:  * Failed to parse /home/vagrant/examples/example7/inventory with yaml plugin: YAML inventory has invalid structure, it should be a dictionary, got: <class
'ansible.parsing.yaml.objects.AnsibleUnicode'>

2024-08-18 07:04:25,534 p=22510 u=vagrant n=ansible | [WARNING]:  * Failed to parse /home/vagrant/examples/example7/inventory with ini plugin: /home/vagrant/examples/example7/inventory:18: Section [myservers:vars] not valid
for undefined group: myservers

2024-08-18 07:04:25,534 p=22510 u=vagrant n=ansible | [WARNING]: Unable to parse /home/vagrant/examples/example7/inventory as an inventory source

2024-08-18 07:04:25,536 p=22510 u=vagrant n=ansible | [WARNING]: No inventory was parsed, only implicit localhost is available

2024-08-18 07:04:25,616 p=22510 u=vagrant n=ansible | ERROR! 'host' is not a valid attribute for a Play

The error appears to be in '/home/vagrant/examples/example7/fact_vars.yaml': line 3, column 3, but may
be elsewhere in the file depending on the exact syntax problem.

The offending line appears to be:


- name: Fact variables
  ^ here

2024-08-18 07:05:32,290 p=22541 u=vagrant n=ansible | [WARNING]:  * Failed to parse /home/vagrant/examples/example7/inventory with yaml plugin: YAML inventory has invalid structure, it should be a dictionary, got: <class
'ansible.parsing.yaml.objects.AnsibleUnicode'>

2024-08-18 07:05:32,292 p=22541 u=vagrant n=ansible | [WARNING]:  * Failed to parse /home/vagrant/examples/example7/inventory with ini plugin: /home/vagrant/examples/example7/inventory:18: Section [myservers:vars] not valid
for undefined group: myservers

2024-08-18 07:05:32,293 p=22541 u=vagrant n=ansible | [WARNING]: Unable to parse /home/vagrant/examples/example7/inventory as an inventory source

2024-08-18 07:05:32,294 p=22541 u=vagrant n=ansible | [WARNING]: No inventory was parsed, only implicit localhost is available

2024-08-18 07:05:32,453 p=22541 u=vagrant n=ansible | PLAY [Fact variables] ******************************************************************************************************************************************************
2024-08-18 07:05:32,468 p=22541 u=vagrant n=ansible | TASK [Gathering Facts] *****************************************************************************************************************************************************
2024-08-18 07:05:35,320 p=22541 u=vagrant n=ansible | ok: [db1]
2024-08-18 07:05:35,558 p=22541 u=vagrant n=ansible | ok: [web1]
2024-08-18 07:05:35,580 p=22541 u=vagrant n=ansible | TASK [print OS name] *******************************************************************************************************************************************************
2024-08-18 07:05:35,654 p=22541 u=vagrant n=ansible | ok: [web1] => {
    "ansible_distribution": "Ubuntu"
}
2024-08-18 07:05:35,677 p=22541 u=vagrant n=ansible | ok: [db1] => {
    "ansible_distribution": "CentOS"
}
2024-08-18 07:05:35,700 p=22541 u=vagrant n=ansible | PLAY RECAP *****************************************************************************************************************************************************************
2024-08-18 07:05:35,701 p=22541 u=vagrant n=ansible | db1                        : ok=2    changed=0    unreachable=0    failed=0    skipped=0    rescued=0    ignored=0   
2024-08-18 07:05:35,702 p=22541 u=vagrant n=ansible | web1                       : ok=2    changed=0    unreachable=0    failed=0    skipped=0    rescued=0    ignored=0   
2024-08-18 07:05:58,278 p=22589 u=vagrant n=ansible | [WARNING]:  * Failed to parse /home/vagrant/examples/example7/inventory with yaml plugin: YAML inventory has invalid structure, it should be a dictionary, got: <class
'ansible.parsing.yaml.objects.AnsibleUnicode'>

2024-08-18 07:05:58,280 p=22589 u=vagrant n=ansible | [WARNING]:  * Failed to parse /home/vagrant/examples/example7/inventory with ini plugin: /home/vagrant/examples/example7/inventory:18: Section [myservers:vars] not valid
for undefined group: myservers

2024-08-18 07:05:58,280 p=22589 u=vagrant n=ansible | [WARNING]: Unable to parse /home/vagrant/examples/example7/inventory as an inventory source

2024-08-18 07:05:58,281 p=22589 u=vagrant n=ansible | [WARNING]: No inventory was parsed, only implicit localhost is available

2024-08-18 07:05:58,448 p=22589 u=vagrant n=ansible | PLAY [Fact variables] ******************************************************************************************************************************************************
2024-08-18 07:05:58,464 p=22589 u=vagrant n=ansible | TASK [Gathering Facts] *****************************************************************************************************************************************************
2024-08-18 07:06:00,850 p=22589 u=vagrant n=ansible | ok: [web1]
2024-08-18 07:06:00,886 p=22589 u=vagrant n=ansible | ok: [db1]
2024-08-18 07:06:00,909 p=22589 u=vagrant n=ansible | TASK [print OS name] *******************************************************************************************************************************************************
2024-08-18 07:06:00,975 p=22589 u=vagrant n=ansible | ok: [web1] => {
    "ansible_distribution": "Ubuntu"
}
2024-08-18 07:06:01,015 p=22589 u=vagrant n=ansible | ok: [db1] => {
    "ansible_distribution": "CentOS"
}
2024-08-18 07:06:01,046 p=22589 u=vagrant n=ansible | PLAY RECAP *****************************************************************************************************************************************************************
2024-08-18 07:06:01,047 p=22589 u=vagrant n=ansible | db1                        : ok=2    changed=0    unreachable=0    failed=0    skipped=0    rescued=0    ignored=0   
2024-08-18 07:06:01,048 p=22589 u=vagrant n=ansible | web1                       : ok=2    changed=0    unreachable=0    failed=0    skipped=0    rescued=0    ignored=0   
2024-08-18 07:09:47,375 p=22714 u=vagrant n=ansible | [WARNING]:  * Failed to parse /home/vagrant/examples/example7/inventory with yaml plugin: YAML inventory has invalid structure, it should be a dictionary, got: <class
'ansible.parsing.yaml.objects.AnsibleUnicode'>

2024-08-18 07:09:47,376 p=22714 u=vagrant n=ansible | [WARNING]:  * Failed to parse /home/vagrant/examples/example7/inventory with ini plugin: /home/vagrant/examples/example7/inventory:18: Section [myservers:vars] not valid
for undefined group: myservers

2024-08-18 07:09:47,377 p=22714 u=vagrant n=ansible | [WARNING]: Unable to parse /home/vagrant/examples/example7/inventory as an inventory source

2024-08-18 07:09:47,378 p=22714 u=vagrant n=ansible | [WARNING]: No inventory was parsed, only implicit localhost is available

2024-08-18 07:09:47,521 p=22714 u=vagrant n=ansible | PLAY [Fact variables] ******************************************************************************************************************************************************
2024-08-18 07:09:47,535 p=22714 u=vagrant n=ansible | TASK [Gathering Facts] *****************************************************************************************************************************************************
2024-08-18 07:09:50,207 p=22714 u=vagrant n=ansible | ok: [db1]
2024-08-18 07:09:50,453 p=22714 u=vagrant n=ansible | ok: [web1]
2024-08-18 07:09:50,470 p=22714 u=vagrant n=ansible | TASK [print OS name] *******************************************************************************************************************************************************
2024-08-18 07:09:50,545 p=22714 u=vagrant n=ansible | ok: [web1] => {
    "ansible_distribution": "Ubuntu"
}
2024-08-18 07:09:50,556 p=22714 u=vagrant n=ansible | ok: [db1] => {
    "ansible_distribution": "CentOS"
}
2024-08-18 07:09:50,567 p=22714 u=vagrant n=ansible | TASK [Print memory information] ********************************************************************************************************************************************
2024-08-18 07:09:50,647 p=22714 u=vagrant n=ansible | ok: [web1] => {
    "ansible_memory_mb": {
        "nocache": {
            "free": 742,
            "used": 223
        },
        "real": {
            "free": 250,
            "total": 965,
            "used": 715
        },
        "swap": {
            "cached": 0,
            "free": 0,
            "total": 0,
            "used": 0
        }
    }
}
2024-08-18 07:09:50,663 p=22714 u=vagrant n=ansible | ok: [db1] => {
    "ansible_memory_mb": {
        "nocache": {
            "free": 481,
            "used": 328
        },
        "real": {
            "free": 125,
            "total": 809,
            "used": 684
        },
        "swap": {
            "cached": 1,
            "free": 2092,
            "total": 2107,
            "used": 15
        }
    }
}
2024-08-18 07:09:50,682 p=22714 u=vagrant n=ansible | PLAY RECAP *****************************************************************************************************************************************************************
2024-08-18 07:09:50,683 p=22714 u=vagrant n=ansible | db1                        : ok=3    changed=0    unreachable=0    failed=0    skipped=0    rescued=0    ignored=0   
2024-08-18 07:09:50,684 p=22714 u=vagrant n=ansible | web1                       : ok=3    changed=0    unreachable=0    failed=0    skipped=0    rescued=0    ignored=0   
2024-08-18 07:10:44,085 p=22779 u=vagrant n=ansible | [WARNING]:  * Failed to parse /home/vagrant/examples/example7/inventory with yaml plugin: YAML inventory has invalid structure, it should be a dictionary, got: <class
'ansible.parsing.yaml.objects.AnsibleUnicode'>

2024-08-18 07:10:44,087 p=22779 u=vagrant n=ansible | [WARNING]:  * Failed to parse /home/vagrant/examples/example7/inventory with ini plugin: /home/vagrant/examples/example7/inventory:18: Section [myservers:vars] not valid
for undefined group: myservers

2024-08-18 07:10:44,087 p=22779 u=vagrant n=ansible | [WARNING]: Unable to parse /home/vagrant/examples/example7/inventory as an inventory source

2024-08-18 07:10:44,088 p=22779 u=vagrant n=ansible | [WARNING]: No inventory was parsed, only implicit localhost is available

2024-08-18 07:10:44,237 p=22779 u=vagrant n=ansible | PLAY [Fact variables] ******************************************************************************************************************************************************
2024-08-18 07:10:44,251 p=22779 u=vagrant n=ansible | TASK [Gathering Facts] *****************************************************************************************************************************************************
2024-08-18 07:10:46,531 p=22779 u=vagrant n=ansible | ok: [web1]
2024-08-18 07:10:46,584 p=22779 u=vagrant n=ansible | ok: [db1]
2024-08-18 07:10:46,609 p=22779 u=vagrant n=ansible | TASK [print OS name] *******************************************************************************************************************************************************
2024-08-18 07:10:46,649 p=22779 u=vagrant n=ansible | ok: [web1] => {
    "ansible_distribution": "Ubuntu"
}
2024-08-18 07:10:46,678 p=22779 u=vagrant n=ansible | ok: [db1] => {
    "ansible_distribution": "CentOS"
}
2024-08-18 07:10:46,691 p=22779 u=vagrant n=ansible | TASK [Print memory information] ********************************************************************************************************************************************
2024-08-18 07:10:46,756 p=22779 u=vagrant n=ansible | ok: [web1] => {
    "ansible_memory_mb.real.free": "258"
}
2024-08-18 07:10:46,779 p=22779 u=vagrant n=ansible | ok: [db1] => {
    "ansible_memory_mb.real.free": "124"
}
2024-08-18 07:10:46,796 p=22779 u=vagrant n=ansible | PLAY RECAP *****************************************************************************************************************************************************************
2024-08-18 07:10:46,797 p=22779 u=vagrant n=ansible | db1                        : ok=3    changed=0    unreachable=0    failed=0    skipped=0    rescued=0    ignored=0   
2024-08-18 07:10:46,797 p=22779 u=vagrant n=ansible | web1                       : ok=3    changed=0    unreachable=0    failed=0    skipped=0    rescued=0    ignored=0   
